30/12/2016 6:30:42 AM: Map Server crashed, restarting...
30/12/2016 6:30:42 AM: Map Server Started [V-High Priority]
30/12/2016 6:30:42 AM: Login Server crashed, restarting...
30/12/2016 6:30:42 AM: Login Server Started! [Norm Priority]
30/12/2016 6:30:42 AM: Char Server crashed, restarting...
30/12/2016 6:30:42 AM: Char Server Started [High Priority]
30/12/2016 6:30:45 AM: Listening Login Server
30/12/2016 6:32:09 AM: PowRo Launcher v.1.7.0
30/12/2016 6:32:09 AM: Login Server:  103.75.189.137:6900
30/12/2016 6:32:09 AM: Char Server:  103.75.189.137:6121
30/12/2016 6:32:09 AM: Map Server:  103.75.189.137:5121
30/12/2016 6:32:09 AM: Launcher Ready!
30/12/2016 6:32:09 AM: Login Server Started! [Norm Priority]
30/12/2016 6:32:09 AM: Char Server Started [High Priority]
30/12/2016 6:32:09 AM: Map Server Started [V-High Priority]
30/12/2016 6:32:12 AM: Listening Login Server
30/12/2016 6:32:14 AM: Listening Char Server
30/12/2016 6:32:19 AM: Listening Map Server
30/12/2016 9:41:01 PM: Login Server Stopped!
30/12/2016 9:41:02 PM: Char Server Stopped!
30/12/2016 9:41:02 PM: Map Server Stopped!
30/12/2016 9:43:12 PM: PowRo Launcher v.1.7.0
30/12/2016 9:43:12 PM: Login Server:  103.75.189.137:6900
30/12/2016 9:43:12 PM: Char Server:  103.75.189.137:6121
30/12/2016 9:43:12 PM: Map Server:  103.75.189.137:5121
30/12/2016 9:43:12 PM: Launcher Ready!
30/12/2016 9:43:13 PM: Login Server Started! [Norm Priority]
30/12/2016 9:43:13 PM: Char Server Started [High Priority]
30/12/2016 9:43:13 PM: Map Server Started [V-High Priority]
30/12/2016 9:43:16 PM: Listening Login Server
30/12/2016 9:43:18 PM: Listening Char Server
30/12/2016 9:43:23 PM: Listening Map Server
30/12/2016 9:43:34 PM: Login Server Stopped!
30/12/2016 9:43:34 PM: Char Server Stopped!
30/12/2016 9:43:34 PM: Map Server Stopped!
30/12/2016 9:46:45 PM: Login Server Started! [Norm Priority]
30/12/2016 9:46:45 PM: Char Server Started [High Priority]
30/12/2016 9:46:45 PM: Map Server Started [V-High Priority]
30/12/2016 9:46:48 PM: Listening Login Server
30/12/2016 9:46:50 PM: Listening Char Server
30/12/2016 9:46:55 PM: Listening Map Server
30/12/2016 9:49:05 PM: Login Server Stopped!
30/12/2016 9:49:05 PM: Char Server Stopped!
30/12/2016 9:49:05 PM: Map Server Stopped!
30/12/2016 9:49:07 PM: Login Server Started! [Norm Priority]
30/12/2016 9:49:07 PM: Char Server Started [High Priority]
30/12/2016 9:49:07 PM: Map Server Started [V-High Priority]
30/12/2016 9:49:10 PM: Listening Login Server
30/12/2016 9:49:12 PM: Listening Char Server
30/12/2016 9:49:17 PM: Listening Map Server
