30/11/2016 11:18:41 AM: Login Server Started! [Low Priority]
30/11/2016 11:18:41 AM: Char Server Started [Norm Priority]
30/11/2016 11:18:41 AM: Map Server Started [High Priority]
30/11/2016 11:18:44 AM: Listening Login Server
30/11/2016 11:18:46 AM: Listening Char Server
30/11/2016 11:18:51 AM: Listening Map Server
30/11/2016 12:39:04 PM: Login Server Stopped!
30/11/2016 12:39:04 PM: Char Server Stopped!
30/11/2016 12:39:04 PM: Map Server Stopped!
30/11/2016 12:43:39 PM: Login Server Started! [Low Priority]
30/11/2016 12:43:39 PM: Char Server Started [Norm Priority]
30/11/2016 12:43:39 PM: Map Server Started [High Priority]
30/11/2016 12:43:42 PM: Listening Login Server
30/11/2016 12:43:44 PM: Listening Char Server
30/11/2016 12:43:49 PM: Listening Map Server
30/11/2016 12:56:11 PM: Login Server Stopped!
30/11/2016 12:56:11 PM: Char Server Stopped!
30/11/2016 12:56:11 PM: Map Server Stopped!
30/11/2016 12:56:14 PM: Login Server Started! [Low Priority]
30/11/2016 12:56:14 PM: Char Server Started [Norm Priority]
30/11/2016 12:56:14 PM: Map Server Started [High Priority]
30/11/2016 12:56:17 PM: Listening Login Server
30/11/2016 12:56:19 PM: Listening Char Server
30/11/2016 12:56:24 PM: Listening Map Server
