14/12/2016 10:08:18 AM: Login Server Stopped!
14/12/2016 10:08:18 AM: Char Server Stopped!
14/12/2016 10:08:19 AM: Map Server Stopped!
14/12/2016 10:08:21 AM: Login Server Started! [Norm Priority]
14/12/2016 10:08:21 AM: Char Server Started [High Priority]
14/12/2016 10:08:21 AM: Map Server Started [V-High Priority]
14/12/2016 10:08:24 AM: Listening Login Server
14/12/2016 10:08:26 AM: Listening Char Server
14/12/2016 10:08:31 AM: Listening Map Server
14/12/2016 10:16:42 AM: Login Server Stopped!
14/12/2016 10:16:43 AM: Char Server Stopped!
14/12/2016 10:16:43 AM: Map Server Stopped!
14/12/2016 10:16:45 AM: Login Server Started! [Norm Priority]
14/12/2016 10:16:45 AM: Char Server Started [High Priority]
14/12/2016 10:16:45 AM: Map Server Started [V-High Priority]
14/12/2016 10:16:48 AM: Login server freeze!... waiting...
14/12/2016 10:16:48 AM: Listening Login Server
14/12/2016 10:16:50 AM: Char server freeze!... waiting...
14/12/2016 10:16:50 AM: Listening Char Server
14/12/2016 10:16:55 AM: Map server is freeze!... waiting...
14/12/2016 10:16:55 AM: Listening Map Server
14/12/2016 10:17:10 AM: Shuting down Login...
14/12/2016 10:17:15 AM: Login Server crashed, restarting...
14/12/2016 10:17:15 AM: Login Server Started! [Norm Priority]
14/12/2016 10:17:18 AM: Login server freeze!... waiting...
14/12/2016 10:17:18 AM: Listening Login Server
14/12/2016 10:17:38 AM: Shuting down Login...
14/12/2016 10:17:40 AM: Login Server crashed, restarting...
14/12/2016 10:17:40 AM: Login Server Started! [Norm Priority]
14/12/2016 10:17:43 AM: Login server freeze!... waiting...
14/12/2016 10:17:43 AM: Listening Login Server
14/12/2016 10:17:55 AM: Shuting down Map...
14/12/2016 10:17:55 AM: Map Server crashed, restarting...
14/12/2016 10:17:55 AM: Map Server Autokill: Closing Components...
14/12/2016 10:17:55 AM: Char Server Stopped!
14/12/2016 10:17:55 AM: Char Server Started [High Priority]
14/12/2016 10:17:55 AM: Login Server Stopped!
14/12/2016 10:17:55 AM: Login Server Started! [Norm Priority]
14/12/2016 10:17:55 AM: Map Server Started [V-High Priority]
14/12/2016 10:17:58 AM: Login server freeze!... waiting...
14/12/2016 10:17:58 AM: Listening Login Server
14/12/2016 10:18:00 AM: Char server freeze!... waiting...
14/12/2016 10:18:00 AM: Listening Char Server
14/12/2016 10:18:05 AM: Map server is freeze!... waiting...
14/12/2016 10:18:05 AM: Listening Map Server
14/12/2016 10:18:20 AM: Shuting down Login...
14/12/2016 10:18:25 AM: Login Server crashed, restarting...
14/12/2016 10:18:25 AM: Login Server Started! [Norm Priority]
14/12/2016 10:18:28 AM: Listening Login Server
14/12/2016 10:19:07 AM: Shuting down Map...
14/12/2016 10:19:10 AM: Map Server crashed, restarting...
14/12/2016 10:19:10 AM: Map Server Started [V-High Priority]
14/12/2016 10:19:20 AM: Listening Map Server
14/12/2016 10:19:49 AM: Login Server Stopped!
14/12/2016 10:19:49 AM: Char Server Stopped!
14/12/2016 10:19:49 AM: Map Server Stopped!
14/12/2016 10:19:50 AM: Login Server Started! [Norm Priority]
14/12/2016 10:19:50 AM: Char Server Started [High Priority]
14/12/2016 10:19:50 AM: Map Server Started [V-High Priority]
14/12/2016 10:19:53 AM: Listening Login Server
14/12/2016 10:19:55 AM: Listening Char Server
14/12/2016 10:20:00 AM: Listening Map Server
14/12/2016 10:45:05 AM: Map Server crashed, restarting...
14/12/2016 10:45:05 AM: Map Server Started [V-High Priority]
14/12/2016 10:45:09 AM: Login Server Stopped!
14/12/2016 10:45:11 AM: Char Server Stopped!
14/12/2016 10:45:11 AM: Map Server Stopped!
14/12/2016 10:45:12 AM: Login Server Started! [Norm Priority]
14/12/2016 10:45:12 AM: Char Server Started [High Priority]
14/12/2016 10:45:12 AM: Map Server Started [V-High Priority]
14/12/2016 10:45:15 AM: Listening Login Server
14/12/2016 10:45:17 AM: Listening Char Server
14/12/2016 10:45:22 AM: Listening Map Server
14/12/2016 10:50:37 AM: Login Server Stopped!
14/12/2016 10:50:37 AM: Char Server Stopped!
14/12/2016 10:50:37 AM: Map Server Stopped!
14/12/2016 10:50:39 AM: Login Server Started! [Norm Priority]
14/12/2016 10:50:39 AM: Char Server Started [High Priority]
14/12/2016 10:50:39 AM: Map Server Started [V-High Priority]
14/12/2016 10:50:42 AM: Listening Login Server
14/12/2016 10:50:44 AM: Listening Char Server
14/12/2016 10:50:49 AM: Listening Map Server
