11/12/2016 4:56:57 AM: Login Server Stopped!
11/12/2016 4:56:57 AM: Char Server Stopped!
11/12/2016 4:56:57 AM: Map Server Stopped!
11/12/2016 5:32:38 AM: Login Server Started! [Low Priority]
11/12/2016 5:32:38 AM: Char Server Started [Norm Priority]
11/12/2016 5:32:38 AM: Map Server Started [High Priority]
11/12/2016 5:32:41 AM: Listening Login Server
11/12/2016 5:32:43 AM: Listening Char Server
11/12/2016 5:32:48 AM: Listening Map Server
11/12/2016 10:40:13 AM: Map Server crashed, restarting...
11/12/2016 10:40:13 AM: Map Server Started [High Priority]
11/12/2016 10:40:22 AM: Login Server Stopped!
11/12/2016 10:40:23 AM: Char Server Stopped!
11/12/2016 10:40:23 AM: Map Server Stopped!
11/12/2016 10:40:30 AM: PowRo Launcher v.1.7.0
11/12/2016 10:40:30 AM: Login Server:  103.75.189.137:6900
11/12/2016 10:40:30 AM: Char Server:  103.75.189.137:6121
11/12/2016 10:40:30 AM: Map Server:  103.75.189.137:5121
11/12/2016 10:40:30 AM: Launcher Ready!
11/12/2016 10:40:30 AM: Login Server Started! [Low Priority]
11/12/2016 10:40:30 AM: Char Server Started [Norm Priority]
11/12/2016 10:40:30 AM: Map Server Started [High Priority]
11/12/2016 10:40:33 AM: Listening Login Server
11/12/2016 10:40:35 AM: Listening Char Server
11/12/2016 10:40:40 AM: Listening Map Server
