26/12/2016 6:11:23 AM: Login Server Stopped!
26/12/2016 6:11:23 AM: Char Server Stopped!
26/12/2016 6:11:23 AM: Map Server Stopped!
26/12/2016 6:11:25 AM: Login Server Started! [Norm Priority]
26/12/2016 6:11:25 AM: Char Server Started [High Priority]
26/12/2016 6:11:25 AM: Map Server Started [V-High Priority]
26/12/2016 6:11:28 AM: Listening Login Server
26/12/2016 6:11:32 AM: Listening Char Server
26/12/2016 6:11:35 AM: Listening Map Server
26/12/2016 6:14:03 AM: Login Server Stopped!
26/12/2016 6:14:03 AM: Char Server Stopped!
26/12/2016 6:14:03 AM: Map Server Stopped!
26/12/2016 6:18:47 AM: PowRo Launcher v.1.7.0
26/12/2016 6:18:47 AM: Login Server:  103.75.189.137:6900
26/12/2016 6:18:47 AM: Char Server:  103.75.189.137:6121
26/12/2016 6:18:47 AM: Map Server:  103.75.189.137:5121
26/12/2016 6:18:47 AM: Launcher Ready!
26/12/2016 6:18:48 AM: Login Server Started! [Norm Priority]
26/12/2016 6:18:48 AM: Char Server Started [High Priority]
26/12/2016 6:18:48 AM: Map Server Started [V-High Priority]
26/12/2016 6:18:51 AM: Listening Login Server
26/12/2016 6:18:53 AM: Listening Char Server
26/12/2016 6:18:58 AM: Listening Map Server
26/12/2016 6:30:38 AM: Login Server crashed, restarting...
26/12/2016 6:30:38 AM: Login Server Started! [Norm Priority]
26/12/2016 6:30:39 AM: Char Server crashed, restarting...
26/12/2016 6:30:39 AM: Char Server Started [High Priority]
26/12/2016 6:30:39 AM: Map Server crashed, restarting...
26/12/2016 6:30:39 AM: Map Server Started [V-High Priority]
26/12/2016 6:30:41 AM: Listening Login Server
26/12/2016 6:32:02 AM: PowRo Launcher v.1.7.0
26/12/2016 6:32:02 AM: Login Server:  103.75.189.137:6900
26/12/2016 6:32:02 AM: Char Server:  103.75.189.137:6121
26/12/2016 6:32:02 AM: Map Server:  103.75.189.137:5121
26/12/2016 6:32:02 AM: Launcher Ready!
26/12/2016 6:32:02 AM: Login Server Started! [Norm Priority]
26/12/2016 6:32:02 AM: Char Server Started [High Priority]
26/12/2016 6:32:02 AM: Map Server Started [V-High Priority]
26/12/2016 6:32:05 AM: Listening Login Server
26/12/2016 6:32:07 AM: Listening Char Server
26/12/2016 6:32:12 AM: Listening Map Server
26/12/2016 12:22:08 PM: Map Server crashed, restarting...
26/12/2016 12:22:08 PM: Map Server Started [V-High Priority]
26/12/2016 12:22:18 PM: Listening Map Server
26/12/2016 12:28:45 PM: PowRo Launcher v.1.7.0
26/12/2016 12:28:45 PM: Login Server:  103.75.189.137:6900
26/12/2016 12:28:45 PM: Char Server:  103.75.189.137:6121
26/12/2016 12:28:45 PM: Map Server:  103.75.189.137:5121
26/12/2016 12:28:45 PM: Launcher Ready!
26/12/2016 12:28:45 PM: Login Server Started! [Norm Priority]
26/12/2016 12:28:45 PM: Char Server Started [High Priority]
26/12/2016 12:28:45 PM: Map Server Started [V-High Priority]
26/12/2016 12:28:48 PM: Listening Login Server
26/12/2016 12:28:51 PM: Listening Char Server
26/12/2016 12:28:55 PM: Listening Map Server
