2/1/2017 5:53:45 AM: Login Server Stopped!
2/1/2017 5:53:45 AM: Char Server Stopped!
2/1/2017 5:53:45 AM: Map Server Stopped!
2/1/2017 5:53:47 AM: Login Server Started! [Norm Priority]
2/1/2017 5:53:47 AM: Char Server Started [High Priority]
2/1/2017 5:53:47 AM: Map Server Started [V-High Priority]
2/1/2017 5:53:50 AM: Listening Login Server
2/1/2017 5:53:52 AM: Listening Char Server
2/1/2017 5:53:57 AM: Listening Map Server
2/1/2017 6:33:36 AM: Login Server Stopped!
2/1/2017 6:33:36 AM: Char Server Stopped!
2/1/2017 6:33:36 AM: Map Server Stopped!
2/1/2017 6:33:38 AM: Login Server Started! [Norm Priority]
2/1/2017 6:33:38 AM: Char Server Started [High Priority]
2/1/2017 6:33:38 AM: Map Server Started [V-High Priority]
2/1/2017 6:33:41 AM: Listening Login Server
2/1/2017 6:33:43 AM: Listening Char Server
2/1/2017 6:33:48 AM: Listening Map Server
2/1/2017 7:26:43 AM: Login Server Stopped!
2/1/2017 7:26:57 AM: Char Server Stopped!
2/1/2017 7:27:18 AM: Map Server Stopped!
2/1/2017 7:30:14 AM: Login Server Started! [Norm Priority]
2/1/2017 7:30:14 AM: Char Server Started [High Priority]
2/1/2017 7:30:14 AM: Map Server Started [V-High Priority]
2/1/2017 7:30:17 AM: Listening Login Server
2/1/2017 7:30:19 AM: Listening Char Server
2/1/2017 7:30:24 AM: Listening Map Server
