6/1/2017 6:30:47 AM: Map Server crashed, restarting...
6/1/2017 6:30:48 AM: Map Server Started [V-High Priority]
6/1/2017 6:30:48 AM: Login Server crashed, restarting...
6/1/2017 6:30:48 AM: Login Server Started! [Norm Priority]
6/1/2017 6:30:48 AM: Char Server crashed, restarting...
6/1/2017 6:30:48 AM: Char Server Started [High Priority]
6/1/2017 6:30:51 AM: Listening Login Server
6/1/2017 6:32:47 AM: PowRo Launcher v.1.7.0
6/1/2017 6:32:47 AM: Login Server:  103.75.189.137:6900
6/1/2017 6:32:47 AM: Char Server:  103.75.189.137:6121
6/1/2017 6:32:47 AM: Map Server:  103.75.189.137:5121
6/1/2017 6:32:47 AM: Launcher Ready!
6/1/2017 6:32:47 AM: Login Server Started! [Norm Priority]
6/1/2017 6:32:48 AM: Char Server Started [High Priority]
6/1/2017 6:32:48 AM: Map Server Started [V-High Priority]
6/1/2017 6:32:50 AM: Listening Login Server
6/1/2017 6:32:52 AM: Login Server crashed, restarting...
6/1/2017 6:32:52 AM: Login Server Started! [Norm Priority]
6/1/2017 6:32:53 AM: Char Server crashed, restarting...
6/1/2017 6:32:53 AM: Char Server Started [High Priority]
6/1/2017 6:32:53 AM: Listening Char Server
6/1/2017 6:32:55 AM: Listening Login Server
6/1/2017 6:32:58 AM: Listening Map Server
