3/1/2017 8:58:21 AM: Login Server Stopped!
3/1/2017 8:58:21 AM: Char Server Stopped!
3/1/2017 8:58:21 AM: Map Server Stopped!
3/1/2017 8:58:23 AM: Login Server Started! [Norm Priority]
3/1/2017 8:58:23 AM: Char Server Started [High Priority]
3/1/2017 8:58:23 AM: Map Server Started [V-High Priority]
3/1/2017 8:58:26 AM: Listening Login Server
3/1/2017 8:58:28 AM: Listening Char Server
3/1/2017 8:58:33 AM: Listening Map Server
3/1/2017 9:01:22 AM: Login Server Stopped!
3/1/2017 9:01:22 AM: Char Server Stopped!
3/1/2017 9:01:22 AM: Map Server Stopped!
3/1/2017 9:03:54 AM: PowRo Launcher v.1.7.0
3/1/2017 9:03:54 AM: Login Server:  103.75.189.137:6900
3/1/2017 9:03:54 AM: Char Server:  103.75.189.137:6121
3/1/2017 9:03:54 AM: Map Server:  103.75.189.137:5121
3/1/2017 9:03:54 AM: Launcher Ready!
3/1/2017 9:03:54 AM: Login Server Started! [Norm Priority]
3/1/2017 9:03:54 AM: Char Server Started [High Priority]
3/1/2017 9:03:54 AM: Map Server Started [V-High Priority]
3/1/2017 9:03:57 AM: Listening Login Server
3/1/2017 9:03:59 AM: Listening Char Server
3/1/2017 9:04:04 AM: Login Server crashed, restarting...
3/1/2017 9:04:04 AM: Login Server Started! [Norm Priority]
3/1/2017 9:04:04 AM: Char Server crashed, restarting...
3/1/2017 9:04:04 AM: Char Server Started [High Priority]
3/1/2017 9:04:04 AM: Listening Map Server
3/1/2017 9:04:07 AM: Listening Login Server
3/1/2017 9:04:09 AM: Listening Char Server
3/1/2017 9:05:59 AM: Map Server crashed, restarting...
3/1/2017 9:06:00 AM: Map Server Started [V-High Priority]
3/1/2017 9:06:10 AM: Listening Map Server
3/1/2017 6:15:50 PM: Map Server crashed, restarting...
3/1/2017 6:15:50 PM: Map Server Started [V-High Priority]
3/1/2017 6:16:00 PM: Listening Map Server
