c:\milenia 6\vcproj-13\mapcache\debug\vc120.pdb
c:\milenia 6\mapcache.ilk
c:\milenia 6\mapcache.exe
c:\milenia 6\mapcache.pdb
c:\milenia 6\vcproj-13\mapcache\debug\core.obj
c:\milenia 6\vcproj-13\mapcache\debug\des.obj
c:\milenia 6\vcproj-13\mapcache\debug\grfio.obj
c:\milenia 6\vcproj-13\mapcache\debug\malloc.obj
c:\milenia 6\vcproj-13\mapcache\debug\mapcache.obj
c:\milenia 6\vcproj-13\mapcache\debug\showmsg.obj
c:\milenia 6\vcproj-13\mapcache\debug\strlib.obj
c:\milenia 6\vcproj-13\mapcache\debug\utils.obj
c:\milenia 6\vcproj-13\mapcache\debug\vc120.idb
c:\milenia 6\vcproj-13\..\mapcache.exe
c:\milenia 6\vcproj-13\mapcache\debug\mapcache.tlog\cl.command.1.tlog
c:\milenia 6\vcproj-13\mapcache\debug\mapcache.tlog\cl.read.1.tlog
c:\milenia 6\vcproj-13\mapcache\debug\mapcache.tlog\cl.write.1.tlog
c:\milenia 6\vcproj-13\mapcache\debug\mapcache.tlog\link.command.1.tlog
c:\milenia 6\vcproj-13\mapcache\debug\mapcache.tlog\link.read.1.tlog
c:\milenia 6\vcproj-13\mapcache\debug\mapcache.tlog\link.write.1.tlog
